
┌──────────────────────────────┐
│ OpenNext — Cloudflare deploy │
└──────────────────────────────┘

Incremental cache does not need populating
Tag cache does not need populating

 ⛅️ wrangler 4.67.0
───────────────────
🌀 Building list of assets...
✨ Read 64 files from the assets directory /home/alexandros-g/code/gamersunited/.open-next/assets
🌀 Starting asset upload...
🌀 Found 1 new or modified static asset to upload. Proceeding with upload...
+ /BUILD_ID
Uploaded 1 of 1 asset
✨ Success! Uploaded 1 file (57 already uploaded) (0.79 sec)

Total Upload: 11415.75 KiB / gzip: 2865.68 KiB
Worker Startup Time: 30 ms
Your Worker has access to the following bindings:
Binding                                                                              Resource                  
env.WORKER_SELF_REFERENCE (gamersunited-web)                                         Worker                    
env.IMAGES                                                                           Images                    
env.ASSETS                                                                           Assets                    
env.NEXT_PUBLIC_SITE_URL ("https://gamersunited.cy")                                 Environment Variable      
env.AUTH_URL ("https://gamersunited.cy")                                             Environment Variable      
env.AUTH_TRUST_HOST ("true")                                                         Environment Variable      
env.NEXT_PUBLIC_RECAPTCHA_SITE_KEY ("6LeuWHQsAAAAAID4wBWv27tvUP35q1-H4fFuW...")      Environment Variable      

Uploaded gamersunited-web (25.05 sec)
Deployed gamersunited-web triggers (7.72 sec)
  https://gamersunited-web.alexandrosgeorgiou1999.workers.dev
  gamersunited.cy (custom domain)
  www.gamersunited.cy (custom domain)
Current Version ID: ab8eeca8-dff3-413d-8155-573872db0700
