
> tmp_next@0.1.0 deploy
> opennextjs-cloudflare build && opennextjs-cloudflare deploy


в”Ңв”Җв”Җв”Җв”Җв”Җв”Җв”Җв”Җв”Җв”Җв”Җв”Җв”Җв”Җв”Җв”Җв”Җв”Җв”Җв”Җв”Җв”Җв”Җв”Җв”Җв”Җв”Җв”Җв”Җв”җ
в”Ӯ OpenNext вҖ” Cloudflare build в”Ӯ
в””в”Җв”Җв”Җв”Җв”Җв”Җв”Җв”Җв”Җв”Җв”Җв”Җв”Җв”Җв”Җв”Җв”Җв”Җв”Җв”Җв”Җв”Җв”Җв”Җв”Җв”Җв”Җв”Җв”Җв”ҳ

App directory: /home/alexandros-g/code/gamersunited
Next.js version : 16.1.6
@opennextjs/cloudflare version: 1.16.5
@opennextjs/aws version: 3.9.16

в”Ңв”Җв”Җв”Җв”Җв”Җв”Җв”Җв”Җв”Җв”Җв”Җв”Җв”Җв”Җв”Җв”Җв”Җв”Җв”Җв”Җв”Җв”Җв”Җв”Җв”Җв”Җв”Җв”Җв”Җв”Җв”Җв”Җв”Җв”җ
в”Ӯ OpenNext вҖ” Building Next.js app в”Ӯ
в””в”Җв”Җв”Җв”Җв”Җв”Җв”Җв”Җв”Җв”Җв”Җв”Җв”Җв”Җв”Җв”Җв”Җв”Җв”Җв”Җв”Җв”Җв”Җв”Җв”Җв”Җв”Җв”Җв”Җв”Җв”Җв”Җв”Җв”ҳ


> tmp_next@0.1.0 build
> next build

в–І Next.js 16.1.6 (Turbopack)
- Environments: .env

вҡ  The "middleware" file convention is deprecated. Please use "proxy" instead. Learn more: https://nextjs.org/docs/messages/middleware-to-proxy
  Creating an optimized production build ...
вң“ Compiled successfully in 3.4s
  Running TypeScript ...
  Collecting page data using 23 workers ...
  Generating static pages using 23 workers (0/15) ...
  Generating static pages using 23 workers (3/15) 
  Generating static pages using 23 workers (7/15) 
  Generating static pages using 23 workers (11/15) 
вң“ Generating static pages using 23 workers (15/15) in 174.6ms
  Finalizing page optimization ...

Route (app)
в”Ң в—Ӣ /
в”ң в—Ӣ /_not-found
в”ң в—Ӣ /about
в”ң Ж’ /admin/news
в”ң Ж’ /admin/news/[id]
в”ң Ж’ /admin/news/new
в”ң Ж’ /admin/shop
в”ң Ж’ /admin/users
в”ң Ж’ /api/auth/[...nextauth]
в”ң Ж’ /api/products
в”ң Ж’ /api/products/[id]
в”ң Ж’ /api/sync
в”ң Ж’ /api/webhooks/printful
в”ң Ж’ /api/webhooks/stripe
в”ң в—Ӣ /community
в”ң в—Ӣ /contact
в”ң в—Ӣ /faq
в”ң Ж’ /news
в”ң Ж’ /news/[slug]
в”ң в—Ӣ /privacy
в”ң Ж’ /settings
в”ң Ж’ /shop
в”ң Ж’ /shop/[id]
в”ң в—Ӣ /shop/success
в”ң в—Ӣ /terms
в”” в—Ӣ /tournaments


Ж’ Proxy (Middleware)

в—Ӣ  (Static)   prerendered as static content
Ж’  (Dynamic)  server-rendered on demand


в”Ңв”Җв”Җв”Җв”Җв”Җв”Җв”Җв”Җв”Җв”Җв”Җв”Җв”Җв”Җв”Җв”Җв”Җв”Җв”Җв”Җв”Җв”Җв”Җв”Җв”Җв”Җв”Җв”Җв”Җв”Җв”җ
в”Ӯ OpenNext вҖ” Generating bundle в”Ӯ
в””в”Җв”Җв”Җв”Җв”Җв”Җв”Җв”Җв”Җв”Җв”Җв”Җв”Җв”Җв”Җв”Җв”Җв”Җв”Җв”Җв”Җв”Җв”Җв”Җв”Җв”Җв”Җв”Җв”Җв”Җв”ҳ

Bundling middleware function...
Bundling static assets...
Bundling cache assets...
Building server function: default...
Applying code patches: 1.380s
# copyPackageTemplateFiles
[35mвҡҷпёҸ Bundling the OpenNext server...
[0m
[35mWorker saved in `.open-next/worker.js` рҹҡҖ
[0m
OpenNext build complete.

в”Ңв”Җв”Җв”Җв”Җв”Җв”Җв”Җв”Җв”Җв”Җв”Җв”Җв”Җв”Җв”Җв”Җв”Җв”Җв”Җв”Җв”Җв”Җв”Җв”Җв”Җв”Җв”Җв”Җв”Җв”Җв”җ
в”Ӯ OpenNext вҖ” Cloudflare deploy в”Ӯ
в””в”Җв”Җв”Җв”Җв”Җв”Җв”Җв”Җв”Җв”Җв”Җв”Җв”Җв”Җв”Җв”Җв”Җв”Җв”Җв”Җв”Җв”Җв”Җв”Җв”Җв”Җв”Җв”Җв”Җв”Җв”ҳ

Incremental cache does not need populating
Tag cache does not need populating

 вӣ…пёҸ wrangler 4.67.0
в”Җв”Җв”Җв”Җв”Җв”Җв”Җв”Җв”Җв”Җв”Җв”Җв”Җв”Җв”Җв”Җв”Җв”Җв”Җ
рҹҢҖ Building list of assets...
вңЁ Read 68 files from the assets directory /home/alexandros-g/code/gamersunited/.open-next/assets
рҹҢҖ Starting asset upload...
рҹҢҖ Found 2 new or modified static assets to upload. Proceeding with upload...
+ /BUILD_ID
+ /_next/static/chunks/561493ffa6cc9f02.css
Uploaded 1 of 2 assets
Uploaded 2 of 2 assets
вңЁ Success! Uploaded 2 files (59 already uploaded) (0.96 sec)

Total Upload: 11753.40 KiB / gzip: 2936.33 KiB
Worker Startup Time: 28 ms
Your Worker has access to the following bindings:
Binding                                                                              Resource                  
env.WORKER_SELF_REFERENCE (gamersunited-web)                                         Worker                    
env.IMAGES                                                                           Images                    
env.ASSETS                                                                           Assets                    
env.NEXT_PUBLIC_SITE_URL ("https://gamersunited.cy")                                 Environment Variable      
env.AUTH_URL ("https://gamersunited.cy")                                             Environment Variable      
env.AUTH_TRUST_HOST ("true")                                                         Environment Variable      
env.NEXT_PUBLIC_RECAPTCHA_SITE_KEY ("6LeuWHQsAAAAAID4wBWv27tvUP35q1-H4fFuW...")      Environment Variable      

Uploaded gamersunited-web (23.06 sec)
Deployed gamersunited-web triggers (10.11 sec)
  https://gamersunited-web.alexandrosgeorgiou1999.workers.dev
  gamersunited.cy (custom domain)
  www.gamersunited.cy (custom domain)
Current Version ID: 303afa6d-df38-4841-a84c-3f9d95ca7d70
